<?xml version="1.0" encoding="UTF-8"?>
<!-- Generated by org.testng.reporters.JUnitXMLReporter -->
<testsuite ignored="0" hostname="LTIN191328" failures="0" tests="14" name="Test" time="99.835" errors="0" timestamp="2024-02-15T11:43:31 IST">
  <testcase classname="testCases.TC_001_CarLoan" name="CarEMICalculator" time="7.625"/>
  <testcase classname="testCases.TC_002_HomeLoan" name="homeEMICalculator" time="3.782"/>
  <testcase classname="testCases.TC_002_HomeLoan" name="getYearOYearData" time="3.739"/>
  <testcase classname="testCases.TC_003_LoanEMICalculator" name="selectCalculator" time="1.68"/>
  <testcase classname="testCases.TC_003_LoanEMICalculator" name="loanTenureValidation" time="0.234"/>
  <testcase classname="testCases.TC_003_LoanEMICalculator" name="sliderValidation" time="5.887"/>
  <testcase classname="testCases.TC_003_LoanEMICalculator" name="textBoxValidation" time="0.161"/>
  <testcase classname="testCases.TC_004_LoanAmountCalculator" name="selectCalculator" time="1.376"/>
  <testcase classname="testCases.TC_004_LoanAmountCalculator" name="sliderValidation" time="4.88"/>
  <testcase classname="testCases.TC_004_LoanAmountCalculator" name="textBoxValidation" time="0.134"/>
  <testcase classname="testCases.TC_004_LoanAmountCalculator" name="loanTenureValidation" time="0.205"/>
  <testcase classname="testCases.TC_005_LoanTenureCalculator" name="selectCalculator" time="1.3"/>
  <testcase classname="testCases.TC_005_LoanTenureCalculator" name="sliderValidation" time="5.079"/>
  <testcase classname="testCases.TC_005_LoanTenureCalculator" name="textBoxValidation" time="0.141"/>
</testsuite> <!-- Test -->
