<?xml version="1.0" encoding="UTF-8"?>
<!-- Generated by org.testng.reporters.JUnitXMLReporter -->
<testsuite ignored="0" hostname="LTIN191328" failures="0" tests="14" name="Test" time="130.039" errors="0" timestamp="2024-02-12T10:20:03 IST">
  <testcase classname="testCases.TC_001_CarLoan" name="CarEMICalculator" time="6.758"/>
  <testcase classname="testCases.TC_002_HomeLoan" name="homeEMICalculator" time="4.71"/>
  <testcase classname="testCases.TC_002_HomeLoan" name="getYearOYearData" time="3.822"/>
  <testcase classname="testCases.TC_003_LoanEMICalculator" name="selectCalculator" time="1.508"/>
  <testcase classname="testCases.TC_003_LoanEMICalculator" name="loanTenureValidation" time="0.313"/>
  <testcase classname="testCases.TC_003_LoanEMICalculator" name="sliderValidation" time="5.799"/>
  <testcase classname="testCases.TC_003_LoanEMICalculator" name="textBoxValidation" time="0.201"/>
  <testcase classname="testCases.TC_004_LoanAmountCalculator" name="selectCalculator" time="1.427"/>
  <testcase classname="testCases.TC_004_LoanAmountCalculator" name="sliderValidation" time="5.14"/>
  <testcase classname="testCases.TC_004_LoanAmountCalculator" name="textBoxValidation" time="0.168"/>
  <testcase classname="testCases.TC_004_LoanAmountCalculator" name="loanTenureValidation" time="0.24"/>
  <testcase classname="testCases.TC_005_LoanTenureCalculator" name="selectCalculator" time="1.539"/>
  <testcase classname="testCases.TC_005_LoanTenureCalculator" name="sliderValidation" time="5.32"/>
  <testcase classname="testCases.TC_005_LoanTenureCalculator" name="textBoxValidation" time="0.158"/>
</testsuite> <!-- Test -->
