<?xml version="1.0" encoding="UTF-8"?>
<testng-results ignored="0" total="14" passed="14" failed="0" skipped="0">
  <reporter-output>
  </reporter-output>
  <suite started-at="2024-02-12T10:17:51 IST" name="Suite" finished-at="2024-02-12T10:20:01 IST" duration-ms="130039">
    <groups>
    </groups>
    <test started-at="2024-02-12T10:17:51 IST" name="Test" finished-at="2024-02-12T10:20:01 IST" duration-ms="130039">
      <class name="testCases.TC_001_CarLoan">
        <test-method is-config="true" signature="setup(java.lang.String,java.lang.String)[pri:0, instance:testCases.TC_001_CarLoan@62379589]" started-at="2024-02-12T10:17:51 IST" name="setup" finished-at="2024-02-12T10:18:11 IST" duration-ms="19379" status="PASS">
          <params>
            <param index="0">
              <value>
                <![CDATA[chrome]]>
              </value>
            </param>
            <param index="1">
              <value>
                <![CDATA[windows]]>
              </value>
            </param>
          </params>
          <reporter-output>
          </reporter-output>
        </test-method> <!-- setup -->
        <test-method signature="CarEMICalculator()[pri:0, instance:testCases.TC_001_CarLoan@62379589]" started-at="2024-02-12T10:18:11 IST" name="CarEMICalculator" finished-at="2024-02-12T10:18:18 IST" duration-ms="6758" status="PASS">
          <reporter-output>
          </reporter-output>
        </test-method> <!-- CarEMICalculator -->
        <test-method is-config="true" signature="tearDown()[pri:0, instance:testCases.TC_001_CarLoan@62379589]" started-at="2024-02-12T10:18:18 IST" name="tearDown" finished-at="2024-02-12T10:18:19 IST" duration-ms="1257" status="PASS">
          <reporter-output>
          </reporter-output>
        </test-method> <!-- tearDown -->
      </class> <!-- testCases.TC_001_CarLoan -->
      <class name="testCases.TC_004_LoanAmountCalculator">
        <test-method is-config="true" signature="setup(java.lang.String,java.lang.String)[pri:0, instance:testCases.TC_004_LoanAmountCalculator@c730b35]" started-at="2024-02-12T10:19:11 IST" name="setup" finished-at="2024-02-12T10:19:26 IST" duration-ms="15277" status="PASS">
          <params>
            <param index="0">
              <value>
                <![CDATA[chrome]]>
              </value>
            </param>
            <param index="1">
              <value>
                <![CDATA[windows]]>
              </value>
            </param>
          </params>
          <reporter-output>
          </reporter-output>
        </test-method> <!-- setup -->
        <test-method signature="selectCalculator()[pri:0, instance:testCases.TC_004_LoanAmountCalculator@c730b35]" started-at="2024-02-12T10:19:26 IST" name="selectCalculator" finished-at="2024-02-12T10:19:28 IST" duration-ms="1427" status="PASS">
          <reporter-output>
          </reporter-output>
        </test-method> <!-- selectCalculator -->
        <test-method signature="sliderValidation()[pri:0, instance:testCases.TC_004_LoanAmountCalculator@c730b35]" started-at="2024-02-12T10:19:28 IST" name="sliderValidation" finished-at="2024-02-12T10:19:34 IST" depends-on-methods="testCases.TC_004_LoanAmountCalculator.selectCalculator" duration-ms="5140" status="PASS">
          <reporter-output>
          </reporter-output>
        </test-method> <!-- sliderValidation -->
        <test-method signature="textBoxValidation()[pri:0, instance:testCases.TC_004_LoanAmountCalculator@c730b35]" started-at="2024-02-12T10:19:34 IST" name="textBoxValidation" finished-at="2024-02-12T10:19:34 IST" depends-on-methods="testCases.TC_004_LoanAmountCalculator.selectCalculator" duration-ms="168" status="PASS">
          <reporter-output>
          </reporter-output>
        </test-method> <!-- textBoxValidation -->
        <test-method signature="loanTenureValidation()[pri:1, instance:testCases.TC_004_LoanAmountCalculator@c730b35]" started-at="2024-02-12T10:19:34 IST" name="loanTenureValidation" finished-at="2024-02-12T10:19:35 IST" depends-on-methods="testCases.TC_004_LoanAmountCalculator.selectCalculator" duration-ms="240" status="PASS">
          <reporter-output>
          </reporter-output>
        </test-method> <!-- loanTenureValidation -->
        <test-method is-config="true" signature="tearDown()[pri:0, instance:testCases.TC_004_LoanAmountCalculator@c730b35]" started-at="2024-02-12T10:19:35 IST" name="tearDown" finished-at="2024-02-12T10:19:36 IST" duration-ms="1244" status="PASS">
          <reporter-output>
          </reporter-output>
        </test-method> <!-- tearDown -->
      </class> <!-- testCases.TC_004_LoanAmountCalculator -->
      <class name="testCases.TC_002_HomeLoan">
        <test-method is-config="true" signature="setup(java.lang.String,java.lang.String)[pri:0, instance:testCases.TC_002_HomeLoan@6c6cb480]" started-at="2024-02-12T10:18:19 IST" name="setup" finished-at="2024-02-12T10:18:34 IST" duration-ms="15290" status="PASS">
          <params>
            <param index="0">
              <value>
                <![CDATA[chrome]]>
              </value>
            </param>
            <param index="1">
              <value>
                <![CDATA[windows]]>
              </value>
            </param>
          </params>
          <reporter-output>
          </reporter-output>
        </test-method> <!-- setup -->
        <test-method signature="homeEMICalculator()[pri:0, instance:testCases.TC_002_HomeLoan@6c6cb480]" started-at="2024-02-12T10:18:34 IST" name="homeEMICalculator" finished-at="2024-02-12T10:18:39 IST" duration-ms="4710" status="PASS">
          <reporter-output>
          </reporter-output>
        </test-method> <!-- homeEMICalculator -->
        <test-method signature="getYearOYearData()[pri:0, instance:testCases.TC_002_HomeLoan@6c6cb480]" started-at="2024-02-12T10:18:39 IST" name="getYearOYearData" finished-at="2024-02-12T10:18:43 IST" depends-on-methods="testCases.TC_002_HomeLoan.homeEMICalculator" duration-ms="3822" status="PASS">
          <reporter-output>
          </reporter-output>
        </test-method> <!-- getYearOYearData -->
        <test-method is-config="true" signature="tearDown()[pri:0, instance:testCases.TC_002_HomeLoan@6c6cb480]" started-at="2024-02-12T10:18:44 IST" name="tearDown" finished-at="2024-02-12T10:18:45 IST" duration-ms="1412" status="PASS">
          <reporter-output>
          </reporter-output>
        </test-method> <!-- tearDown -->
      </class> <!-- testCases.TC_002_HomeLoan -->
      <class name="testCases.TC_003_LoanEMICalculator">
        <test-method is-config="true" signature="setup(java.lang.String,java.lang.String)[pri:0, instance:testCases.TC_003_LoanEMICalculator@3c46e67a]" started-at="2024-02-12T10:18:45 IST" name="setup" finished-at="2024-02-12T10:19:01 IST" duration-ms="15847" status="PASS">
          <params>
            <param index="0">
              <value>
                <![CDATA[chrome]]>
              </value>
            </param>
            <param index="1">
              <value>
                <![CDATA[windows]]>
              </value>
            </param>
          </params>
          <reporter-output>
          </reporter-output>
        </test-method> <!-- setup -->
        <test-method signature="selectCalculator()[pri:0, instance:testCases.TC_003_LoanEMICalculator@3c46e67a]" started-at="2024-02-12T10:19:01 IST" name="selectCalculator" finished-at="2024-02-12T10:19:02 IST" duration-ms="1508" status="PASS">
          <reporter-output>
          </reporter-output>
        </test-method> <!-- selectCalculator -->
        <test-method signature="loanTenureValidation()[pri:0, instance:testCases.TC_003_LoanEMICalculator@3c46e67a]" started-at="2024-02-12T10:19:03 IST" name="loanTenureValidation" finished-at="2024-02-12T10:19:03 IST" depends-on-methods="testCases.TC_003_LoanEMICalculator.selectCalculator" duration-ms="313" status="PASS">
          <reporter-output>
          </reporter-output>
        </test-method> <!-- loanTenureValidation -->
        <test-method signature="sliderValidation()[pri:0, instance:testCases.TC_003_LoanEMICalculator@3c46e67a]" started-at="2024-02-12T10:19:03 IST" name="sliderValidation" finished-at="2024-02-12T10:19:09 IST" depends-on-methods="testCases.TC_003_LoanEMICalculator.selectCalculator" duration-ms="5799" status="PASS">
          <reporter-output>
          </reporter-output>
        </test-method> <!-- sliderValidation -->
        <test-method signature="textBoxValidation()[pri:0, instance:testCases.TC_003_LoanEMICalculator@3c46e67a]" started-at="2024-02-12T10:19:09 IST" name="textBoxValidation" finished-at="2024-02-12T10:19:10 IST" depends-on-methods="testCases.TC_003_LoanEMICalculator.selectCalculator" duration-ms="201" status="PASS">
          <reporter-output>
          </reporter-output>
        </test-method> <!-- textBoxValidation -->
        <test-method is-config="true" signature="tearDown()[pri:0, instance:testCases.TC_003_LoanEMICalculator@3c46e67a]" started-at="2024-02-12T10:19:10 IST" name="tearDown" finished-at="2024-02-12T10:19:11 IST" duration-ms="1378" status="PASS">
          <reporter-output>
          </reporter-output>
        </test-method> <!-- tearDown -->
      </class> <!-- testCases.TC_003_LoanEMICalculator -->
      <class name="testCases.TC_005_LoanTenureCalculator">
        <test-method is-config="true" signature="setup(java.lang.String,java.lang.String)[pri:0, instance:testCases.TC_005_LoanTenureCalculator@206a70ef]" started-at="2024-02-12T10:19:36 IST" name="setup" finished-at="2024-02-12T10:19:51 IST" duration-ms="15256" status="PASS">
          <params>
            <param index="0">
              <value>
                <![CDATA[chrome]]>
              </value>
            </param>
            <param index="1">
              <value>
                <![CDATA[windows]]>
              </value>
            </param>
          </params>
          <reporter-output>
          </reporter-output>
        </test-method> <!-- setup -->
        <test-method signature="selectCalculator()[pri:0, instance:testCases.TC_005_LoanTenureCalculator@206a70ef]" started-at="2024-02-12T10:19:51 IST" name="selectCalculator" finished-at="2024-02-12T10:19:53 IST" duration-ms="1539" status="PASS">
          <reporter-output>
          </reporter-output>
        </test-method> <!-- selectCalculator -->
        <test-method signature="sliderValidation()[pri:0, instance:testCases.TC_005_LoanTenureCalculator@206a70ef]" started-at="2024-02-12T10:19:53 IST" name="sliderValidation" finished-at="2024-02-12T10:19:59 IST" depends-on-methods="testCases.TC_005_LoanTenureCalculator.selectCalculator" duration-ms="5320" status="PASS">
          <reporter-output>
          </reporter-output>
        </test-method> <!-- sliderValidation -->
        <test-method signature="textBoxValidation()[pri:0, instance:testCases.TC_005_LoanTenureCalculator@206a70ef]" started-at="2024-02-12T10:19:59 IST" name="textBoxValidation" finished-at="2024-02-12T10:19:59 IST" depends-on-methods="testCases.TC_005_LoanTenureCalculator.selectCalculator" duration-ms="158" status="PASS">
          <reporter-output>
          </reporter-output>
        </test-method> <!-- textBoxValidation -->
        <test-method is-config="true" signature="tearDown()[pri:0, instance:testCases.TC_005_LoanTenureCalculator@206a70ef]" started-at="2024-02-12T10:19:59 IST" name="tearDown" finished-at="2024-02-12T10:20:01 IST" duration-ms="1385" status="PASS">
          <reporter-output>
          </reporter-output>
        </test-method> <!-- tearDown -->
      </class> <!-- testCases.TC_005_LoanTenureCalculator -->
    </test> <!-- Test -->
  </suite> <!-- Suite -->
</testng-results>
